<?xml version="1.0" encoding="UTF-8"?>
<testsuite name="AppTest" tests="4" skipped="0" failures="0" errors="0" timestamp="2016-02-08T17:37:18" hostname="epicodus-65.local" time="0.002">
  <properties/>
  <testcase name="isDivisibleBy5_forNumberDivisibleBy5_true" classname="AppTest" time="0.001"/>
  <testcase name="isDivisibleBy15_forNumberDivisibleBy15_true" classname="AppTest" time="0.0"/>
  <testcase name="isDivisibleBy3_forNumberDivisibleBy3_true" classname="AppTest" time="0.0"/>
  <testcase name="isPingPongTest_forNumberArrayCountingByOne_numberList" classname="AppTest" time="0.0"/>
  <system-out><![CDATA[[1, 2]
]]></system-out>
  <system-err><![CDATA[]]></system-err>
</testsuite>
